<?xml version="1.0" encoding="UTF-8"?>
<!-- Generated by org.testng.reporters.JUnitXMLReporter -->
<testsuite ignored="0" hostname="DESKTOP-G34M644" failures="0" tests="5" name="Test2" time="107.091" errors="0" timestamp="2025-03-25T15:43:21 IST">
  <testcase classname="TestCase.TC__002_LoginTestDDT" name="LoginDDT" time="8.522"/>
  <testcase classname="TestCase.TC__002_LoginTestDDT" name="LoginDDT" time="7.336"/>
  <testcase classname="TestCase.TC__002_LoginTestDDT" name="LoginDDT" time="7.052"/>
  <testcase classname="TestCase.TC__002_LoginTestDDT" name="LoginDDT" time="7.288"/>
  <testcase classname="TestCase.LoginTest__001" name="login" time="4.82"/>
</testsuite> <!-- Test2 -->
