<?xml version="1.0" encoding="UTF-8"?>
<!-- Generated by org.testng.reporters.JUnitXMLReporter -->
<testsuite ignored="0" hostname="DESKTOP-G34M644" failures="0" tests="5" name="Test1" time="95.323" errors="0" timestamp="2025-03-25T15:43:10 IST">
  <testcase classname="TestCase.TC__002_LoginTestDDT" name="LoginDDT" time="7.85"/>
  <testcase classname="TestCase.TC__002_LoginTestDDT" name="LoginDDT" time="7.705"/>
  <testcase classname="TestCase.TC__002_LoginTestDDT" name="LoginDDT" time="8.022"/>
  <testcase classname="TestCase.TC__002_LoginTestDDT" name="LoginDDT" time="7.311"/>
  <testcase classname="TestCase.LoginTest__001" name="login" time="4.9"/>
</testsuite> <!-- Test1 -->
