<?xml version="1.0" encoding="UTF-8"?>
<!-- Generated by org.testng.reporters.JUnitXMLReporter -->
<testsuite ignored="0" hostname="DESKTOP-G34M644" failures="0" tests="5" name="Test" time="58.468" errors="0" timestamp="2025-03-25T16:10:16 IST">
  <testcase classname="TestCase.LoginTest__001" name="login" time="4.813"/>
  <testcase classname="TestCase.TC__002_LoginTestDDT" name="LoginDDT" time="8.116"/>
  <testcase classname="TestCase.TC__002_LoginTestDDT" name="LoginDDT" time="7.496"/>
  <testcase classname="TestCase.TC__002_LoginTestDDT" name="LoginDDT" time="8.086"/>
  <testcase classname="TestCase.TC__002_LoginTestDDT" name="LoginDDT" time="6.802"/>
</testsuite> <!-- Test -->
