<?xml version="1.0" encoding="UTF-8"?>
<testng-results ignored="0" total="5" passed="5" failed="0" skipped="0">
  <reporter-output>
  </reporter-output>
  <suite started-at="2025-03-25T16:09:18 IST" name="Suite" finished-at="2025-03-25T16:10:16 IST" duration-ms="58468">
    <groups>
    </groups>
    <test started-at="2025-03-25T16:09:18 IST" name="Test" finished-at="2025-03-25T16:10:16 IST" duration-ms="58468">
      <class name="TestCase.TC__002_LoginTestDDT">
        <test-method is-config="true" signature="setUp(java.lang.String,java.lang.String)[pri:0, instance:TestCase.TC__002_LoginTestDDT@2205a05d]" started-at="2025-03-25T16:09:32 IST" name="setUp" finished-at="2025-03-25T16:09:39 IST" duration-ms="6886" status="PASS">
          <params>
            <param index="0">
              <value>
                <![CDATA[Linux]]>
              </value>
            </param>
            <param index="1">
              <value>
                <![CDATA[firefox]]>
              </value>
            </param>
          </params>
          <reporter-output>
          </reporter-output>
        </test-method> <!-- setUp -->
        <test-method signature="LoginDDT(java.lang.String,java.lang.String)[pri:0, instance:TestCase.TC__002_LoginTestDDT@2205a05d]" started-at="2025-03-25T16:09:44 IST" name="LoginDDT" data-provider="LoginData" finished-at="2025-03-25T16:09:52 IST" duration-ms="8116" status="PASS">
          <params>
            <param index="0">
              <value>
                <![CDATA[mngr617033]]>
              </value>
            </param>
            <param index="1">
              <value>
                <![CDATA[gAbApah]]>
              </value>
            </param>
          </params>
          <reporter-output>
          </reporter-output>
        </test-method> <!-- LoginDDT -->
        <test-method signature="LoginDDT(java.lang.String,java.lang.String)[pri:0, instance:TestCase.TC__002_LoginTestDDT@2205a05d]" started-at="2025-03-25T16:09:52 IST" name="LoginDDT" data-provider="LoginData" finished-at="2025-03-25T16:10:00 IST" duration-ms="7496" status="PASS">
          <params>
            <param index="0">
              <value>
                <![CDATA[mngr617092]]>
              </value>
            </param>
            <param index="1">
              <value>
                <![CDATA[berEqad]]>
              </value>
            </param>
          </params>
          <reporter-output>
          </reporter-output>
        </test-method> <!-- LoginDDT -->
        <test-method signature="LoginDDT(java.lang.String,java.lang.String)[pri:0, instance:TestCase.TC__002_LoginTestDDT@2205a05d]" started-at="2025-03-25T16:10:00 IST" name="LoginDDT" data-provider="LoginData" finished-at="2025-03-25T16:10:08 IST" duration-ms="8086" status="PASS">
          <params>
            <param index="0">
              <value>
                <![CDATA[mngr617093]]>
              </value>
            </param>
            <param index="1">
              <value>
                <![CDATA[rajusEn]]>
              </value>
            </param>
          </params>
          <reporter-output>
          </reporter-output>
        </test-method> <!-- LoginDDT -->
        <test-method signature="LoginDDT(java.lang.String,java.lang.String)[pri:0, instance:TestCase.TC__002_LoginTestDDT@2205a05d]" started-at="2025-03-25T16:10:08 IST" name="LoginDDT" data-provider="LoginData" finished-at="2025-03-25T16:10:15 IST" duration-ms="6802" status="PASS">
          <params>
            <param index="0">
              <value>
                <![CDATA[mngr617094]]>
              </value>
            </param>
            <param index="1">
              <value>
                <![CDATA[myzatYh]]>
              </value>
            </param>
          </params>
          <reporter-output>
          </reporter-output>
        </test-method> <!-- LoginDDT -->
        <test-method is-config="true" signature="tearDown()[pri:0, instance:TestCase.TC__002_LoginTestDDT@2205a05d]" started-at="2025-03-25T16:10:15 IST" name="tearDown" finished-at="2025-03-25T16:10:16 IST" duration-ms="1313" status="PASS">
          <reporter-output>
          </reporter-output>
        </test-method> <!-- tearDown -->
      </class> <!-- TestCase.TC__002_LoginTestDDT -->
      <class name="TestCase.LoginTest__001">
        <test-method is-config="true" signature="setUp(java.lang.String,java.lang.String)[pri:0, instance:TestCase.LoginTest__001@48b67364]" started-at="2025-03-25T16:09:18 IST" name="setUp" finished-at="2025-03-25T16:09:26 IST" duration-ms="8108" status="PASS">
          <params>
            <param index="0">
              <value>
                <![CDATA[Linux]]>
              </value>
            </param>
            <param index="1">
              <value>
                <![CDATA[firefox]]>
              </value>
            </param>
          </params>
          <reporter-output>
          </reporter-output>
        </test-method> <!-- setUp -->
        <test-method signature="login()[pri:0, instance:TestCase.LoginTest__001@48b67364]" started-at="2025-03-25T16:09:26 IST" name="login" finished-at="2025-03-25T16:09:31 IST" duration-ms="4813" status="PASS">
          <reporter-output>
          </reporter-output>
        </test-method> <!-- login -->
        <test-method is-config="true" signature="tearDown()[pri:0, instance:TestCase.LoginTest__001@48b67364]" started-at="2025-03-25T16:09:31 IST" name="tearDown" finished-at="2025-03-25T16:09:32 IST" duration-ms="1502" status="PASS">
          <reporter-output>
          </reporter-output>
        </test-method> <!-- tearDown -->
      </class> <!-- TestCase.LoginTest__001 -->
    </test> <!-- Test -->
  </suite> <!-- Suite -->
</testng-results>
